INFO    : 
LSC_ML_COMPL - A Compiler for Deep Neural Network Inference
Copyright(c) 2017-2021 Lattice Semiconductor Corporation
Version: V4.0
Build: 2021-05-13


INFO    : Started analysis of input network D:/SDSU/NN Compiler/Lattice NN Compiler Files/BNN_Compiler_Scripts/examples/facedetS_bbn/train/facedet3_bbn.proto
INFO    : Using weights in model file D:/SDSU/NN Compiler/Lattice NN Compiler Files/BNN_Compiler_Scripts/examples/facedetS_bbn/train/facedet3_bbn.caffemodel
INFO    : Implementation Options
INFO    :   framework : Caffe
INFO    :   device : ECP5
INFO    :   nnMode : 1
INFO    :   bnnSignMode : 1
INFO    :   model_file : D:/SDSU/NN Compiler/Lattice NN Compiler Files/BNN_Compiler_Scripts/examples/facedetS_bbn/train/facedet3_bbn.caffemodel
INFO    :   network_file : D:/SDSU/NN Compiler/Lattice NN Compiler Files/BNN_Compiler_Scripts/examples/facedetS_bbn/train/facedet3_bbn.proto
INFO    :   raw_input : 0
INFO    :   hwcfg_yaml_file : b'C:\\lscc\\ml\\4.0\\work\\try002\\Impl0\\try002.yml'
INFO    :   lsml_out_file : b'C:\\lscc\\ml\\4.0\\work\\try002\\Impl0\\try002.lscml'
INFO    :   gpo : 0x04000000
INFO    :   mean : 0
INFO    :   scale : 1.0
INFO    :   sample_rate : 8000
INFO    :   down_sampling : 1
INFO    :   num_conv_eng : 8
INFO    :   num_ebr : 16
INFO    :   input_ebr : 
INFO    :   output_ebr : 
INFO    :   collapse_layer : 0
INFO    :   TF_compare_input : D:/SDSU/NN Compiler/Lattice NN Compiler Files/BNN_Compiler_Scripts/man2.jpg
INFO    :   ebr_blk_size : 16384
INFO    :   scratch_blk_size : 4096
INFO    :   extmem_start_addr : 0
INFO    :   enable_hw_sim : True
INFO    :   enable_float_sim : True
INFO    :   enable_fixed_sim : True
INFO    :   enable_dualcore : 0
INFO    :   extmem_off : 0
INFO    :   load_from_extmem : 0
INFO    :   store_to_extmem : 0
INFO    :   borrow_feature : 0
INFO    :   borrow_factor : 1
INFO    :   error_analysis : 0
INFO    :   stored_frac : {}
INFO    :   dfrac_forced : {}
INFO    : Result and log of current implementation 'Impl0' can be found at C:\lscc\ml\4.0\work\try002\Impl0
WARNING : Building network Model ...
INFO    : Network: FaceDet_bbn
INFO    : Input: 
ERROR   : Parameter negative_slope unknown to layer qrelu1 of type QuantReLU
WARNING : Encountered unexpected internal error.
WARNING : <class 'AssertionError'>
INFO    : Process Finished
