INFO    : 
LSC_ML_COMPL - A Compiler for Deep Neural Network Inference
Copyright(c) 2017-2021 Lattice Semiconductor Corporation
Version: V4.0
Build: 2021-05-13


INFO    : Started analysis of input network D:/SDSU/NN Compiler/Lattice NN Compiler Files/BNN_Compiler_Scripts/examples/facedetS_bbn/train/facedet3_bbn-1.proto
INFO    : Using weights in model file D:/SDSU/NN Compiler/Lattice NN Compiler Files/BNN_Compiler_Scripts/examples/facedetS_bbn/train/facedet3_bbn.caffemodel
INFO    : Implementation Options
INFO    :   framework : Caffe
INFO    :   device : Ultra Plus
INFO    :   nnMode : 1
INFO    :   bnnSignMode : 1
INFO    :   model_file : D:/SDSU/NN Compiler/Lattice NN Compiler Files/BNN_Compiler_Scripts/examples/facedetS_bbn/train/facedet3_bbn.caffemodel
INFO    :   network_file : D:/SDSU/NN Compiler/Lattice NN Compiler Files/BNN_Compiler_Scripts/examples/facedetS_bbn/train/facedet3_bbn-1.proto
INFO    :   raw_input : 0
INFO    :   hwcfg_yaml_file : b'C:\\lscc\\ml\\4.0\\work\\001\\Impl0\\001.yml'
INFO    :   lsml_out_file : b'C:\\lscc\\ml\\4.0\\work\\001\\Impl0\\001.lscml'
INFO    :   gpo : 0x04000000
INFO    :   mean : 0
INFO    :   scale : 1.0
INFO    :   sample_rate : 8000
INFO    :   down_sampling : 1
INFO    :   num_conv_eng : 1
INFO    :   num_ebr : 1
INFO    :   input_ebr : [0]
INFO    :   output_ebr : [1]
INFO    :   collapse_layer : 0
INFO    :   TF_compare_input : D:/SDSU/NN Compiler/Lattice NN Compiler Files/BNN_Compiler_Scripts/examples/data/man.jpg
INFO    :   ebr_blk_size : 16384
INFO    :   conv1x1_mode : single
INFO    :   scratch_blk_size : 4096
INFO    :   extmem_start_addr : 0
INFO    :   enable_hw_sim : True
INFO    :   enable_float_sim : True
INFO    :   enable_fixed_sim : True
INFO    :   enable_dualcore : 0
INFO    :   extmem_off : 0
INFO    :   load_from_extmem : 0
INFO    :   store_to_extmem : 0
INFO    :   borrow_feature : 0
INFO    :   borrow_factor : 1
INFO    :   error_analysis : 0
INFO    :   stored_frac : {}
INFO    :   dfrac_forced : {}
INFO    :   output_depth_range : 
INFO    :   otf_post_processing : 0
INFO    :   number_of_det_class : 0
INFO    : Result and log of current implementation 'Impl0' can be found at C:\lscc\ml\4.0\work\001\Impl0
WARNING : Building network Model ...
INFO    : Network: FaceDet_bbn
INFO    : Input: 
INFO    : Analyzing model with data D:/SDSU/NN Compiler/Lattice NN Compiler Files/BNN_Compiler_Scripts/examples/data/man.jpg
INFO    : blob(data): 3x32x32 -> 1 mblks
INFO    : blob(conv1): 16x16x16 -> 1 mblks
INFO    : Succesfully completed input network analysis. This network/configuration can be compiled to generate firmware
INFO    : Process Finished
INFO    : 
LSC_ML_COMPL - A Compiler for Deep Neural Network Inference
Copyright(c) 2017-2021 Lattice Semiconductor Corporation
Version: V4.0
Build: 2021-05-13


INFO    : Started compilation of firmware for ML engines
INFO    : Implementation Options
INFO    :   framework : Caffe
INFO    :   device : Ultra Plus
INFO    :   nnMode : 1
INFO    :   bnnSignMode : 1
INFO    :   model_file : D:/SDSU/NN Compiler/Lattice NN Compiler Files/BNN_Compiler_Scripts/examples/facedetS_bbn/train/facedet3_bbn.caffemodel
INFO    :   network_file : D:/SDSU/NN Compiler/Lattice NN Compiler Files/BNN_Compiler_Scripts/examples/facedetS_bbn/train/facedet3_bbn-1.proto
INFO    :   raw_input : 0
INFO    :   hwcfg_yaml_file : b'C:\\lscc\\ml\\4.0\\work\\001\\Impl0\\001.yml'
INFO    :   lsml_out_file : b'C:\\lscc\\ml\\4.0\\work\\001\\Impl0\\001.lscml'
INFO    :   gpo : 0x04000000
INFO    :   mean : 0
INFO    :   scale : 1.0
INFO    :   sample_rate : 8000
INFO    :   down_sampling : 1
INFO    :   num_conv_eng : 1
INFO    :   num_ebr : 1
INFO    :   input_ebr : [0]
INFO    :   output_ebr : [1]
INFO    :   collapse_layer : 0
INFO    :   TF_compare_input : D:/SDSU/NN Compiler/Lattice NN Compiler Files/BNN_Compiler_Scripts/examples/data/man.jpg
INFO    :   ebr_blk_size : 16384
INFO    :   conv1x1_mode : single
INFO    :   scratch_blk_size : 4096
INFO    :   extmem_start_addr : 0
INFO    :   enable_hw_sim : True
INFO    :   enable_float_sim : True
INFO    :   enable_fixed_sim : True
INFO    :   enable_dualcore : 0
INFO    :   extmem_off : 0
INFO    :   load_from_extmem : 0
INFO    :   store_to_extmem : 0
INFO    :   borrow_feature : 0
INFO    :   borrow_factor : 1
INFO    :   error_analysis : 0
INFO    :   stored_frac : {}
INFO    :   dfrac_forced : {}
INFO    :   output_depth_range : 
INFO    :   otf_post_processing : 0
INFO    :   number_of_det_class : 0
INFO    : Using configuration file C:\lscc\ml\4.0\work\001\Impl0\001.yml. Rerun network Analyze step if data has changed
INFO    : Successfully Scheduled network layer 'data' of type Input
INFO    : has bias
INFO    : Successfully Scheduled network layer 'CBSR_conv1_bn1_scale1_qrelu1_pool1' of type CBSR
INFO    : Total cycles: 74,880
INFO    :     conv: 55,296 (48)
INFO    :     pool: 1,152 (1)
INFO    :     fc:   0 (0)
INFO    :     bpack:18,432 (16)
INFO    : Binary file exported to C:\lscc\ml\4.0\work\001\Impl0\001.bin
INFO    : Run Simulation or download firmware in the file C:\lscc\ml\4.0\work\001\Impl0\001.bin and run on board
INFO    : Process Finished
WARNING : Starting Simulation
INFO    : 
LSC_ML_COMPL - A Compiler for Deep Neural Network Inference
Copyright(c) 2017-2021 Lattice Semiconductor Corporation
Version: V4.0
Build: 2021-05-13


INFO    : Started analysis of input network model.
INFO    : Implementation Options
INFO    :   framework : Caffe
INFO    :   device : Ultra Plus
INFO    :   nnMode : 1
INFO    :   bnnSignMode : 1
INFO    :   model_file : D:/SDSU/NN Compiler/Lattice NN Compiler Files/BNN_Compiler_Scripts/examples/facedetS_bbn/train/facedet3_bbn.caffemodel
INFO    :   network_file : D:/SDSU/NN Compiler/Lattice NN Compiler Files/BNN_Compiler_Scripts/examples/facedetS_bbn/train/facedet3_bbn-1.proto
INFO    :   raw_input : 0
INFO    :   hwcfg_yaml_file : b'C:\\lscc\\ml\\4.0\\work\\001\\Impl0\\001.yml'
INFO    :   lsml_out_file : b'C:\\lscc\\ml\\4.0\\work\\001\\Impl0\\001.lscml'
INFO    :   gpo : 0x04000000
INFO    :   mean : 0
INFO    :   scale : 1.0
INFO    :   sample_rate : 8000
INFO    :   down_sampling : 1
INFO    :   num_conv_eng : 1
INFO    :   num_ebr : 1
INFO    :   input_ebr : [0]
INFO    :   output_ebr : [1]
INFO    :   collapse_layer : 0
INFO    :   TF_compare_input : D:/SDSU/NN Compiler/Lattice NN Compiler Files/BNN_Compiler_Scripts/examples/data/man.jpg
INFO    :   ebr_blk_size : 16384
INFO    :   conv1x1_mode : single
INFO    :   scratch_blk_size : 4096
INFO    :   extmem_start_addr : 0
INFO    :   enable_hw_sim : True
INFO    :   enable_float_sim : True
INFO    :   enable_fixed_sim : True
INFO    :   enable_dualcore : 0
INFO    :   extmem_off : 0
INFO    :   load_from_extmem : 0
INFO    :   store_to_extmem : 0
INFO    :   borrow_feature : 0
INFO    :   borrow_factor : 1
INFO    :   error_analysis : 0
INFO    :   stored_frac : {}
INFO    :   dfrac_forced : {}
INFO    :   output_depth_range : 
INFO    :   otf_post_processing : 0
INFO    :   number_of_det_class : 0
INFO    : Using previously generated configuration file b'C:\\lscc\\ml\\4.0\\work\\001\\Impl0\\001.yml' for simulation. Rerun network Analyze step if data has changed
INFO    : Started simulation of input network using hw model
INFO    : Successfully Scheduled network layer 'data' of type Input
INFO    : has bias
INFO    : Successfully Scheduled network layer 'CBSR_conv1_bn1_scale1_qrelu1_pool1' of type CBSR
INFO    : Total cycles: 74,880
INFO    :     conv: 55,296 (48)
INFO    :     pool: 1,152 (1)
INFO    :     fc:   0 (0)
INFO    :     bpack:18,432 (16)
INFO    : 	**** Cycles per layer ****
INFO    : 	data : 0 cycles
INFO    : 	CBSR_conv1_bn1_scale1_qrelu1_pool1 : 74880 cycles
INFO    : Simulation result for input: D:/SDSU/NN Compiler/Lattice NN Compiler Files/BNN_Compiler_Scripts/examples/data/man.jpg
WARNING : Encountered unexpected error.
ERROR   : 'conv1_bn1_scale1_qrelu1_pool1'
INFO    : Process Finished
INFO    : 
LSC_ML_COMPL - A Compiler for Deep Neural Network Inference
Copyright(c) 2017-2021 Lattice Semiconductor Corporation
Version: V4.0
Build: 2021-05-13


